Multi_view_application/app/build/intermediates/manifest_merge_blame_file/debug/processDebugMainManifest/manifest-merger-blame-debug-report.txt
1<?xml version="1.0" encoding="utf-8"?>
2<manifest xmlns:android="http://schemas.android.com/apk/res/android"
3    package="com.example.perfumebar"
4    android:versionCode="1"
5    android:versionName="1.0" >
6
7    <uses-sdk
8        android:minSdkVersion="24"
9        android:targetSdkVersion="34" />
10
11    <permission
11-->[androidx.core:core:1.12.0] AndroidManifest.xml:22:5-24:47
12        android:name="com.example.perfumebar.DYNAMIC_RECEIVER_NOT_EXPORTED_PERMISSION"
12-->[androidx.core:core:1.12.0] AndroidManifest.xml:23:9-81
13        android:protectionLevel="signature" />
13-->[androidx.core:core:1.12.0] AndroidManifest.xml:24:9-44
14
15    <uses-permission android:name="com.example.perfumebar.DYNAMIC_RECEIVER_NOT_EXPORTED_PERMISSION" />
15-->[androidx.core:core:1.12.0] AndroidManifest.xml:26:5-97
15-->[androidx.core:core:1.12.0] AndroidManifest.xml:26:22-94
16
17    <application
17-->src/main/AndroidManifest.xml:5:5-65:19
18        android:allowBackup="true"
18-->src/main/AndroidManifest.xml:6:9-35
19        android:appComponentFactory="androidx.core.app.CoreComponentFactory"
19-->[androidx.core:core:1.12.0] AndroidManifest.xml:28:18-86
20        android:dataExtractionRules="@xml/data_extraction_rules"
20-->src/main/AndroidManifest.xml:7:9-65
21        android:debuggable="true"
22        android:extractNativeLibs="false"
23        android:fullBackupContent="@xml/backup_rules"
23-->src/main/AndroidManifest.xml:8:9-54
24        android:icon="@mipmap/ic_launcher"
24-->src/main/AndroidManifest.xml:9:9-43
25        android:label="@string/app_name"
25-->src/main/AndroidManifest.xml:10:9-41
26        android:roundIcon="@mipmap/ic_launcher_round"
26-->src/main/AndroidManifest.xml:11:9-54
27        android:supportsRtl="true"
27-->src/main/AndroidManifest.xml:12:9-35
28        android:testOnly="true"
29        android:theme="@style/Theme.PerfumeBar" >
29-->src/main/AndroidManifest.xml:13:9-48
30
31        <!-- SplashActivity is now the LAUNCHER -->
32        <activity
32-->src/main/AndroidManifest.xml:16:9-23:20
33            android:name="com.example.perfumebar.SplashActivity"
33-->src/main/AndroidManifest.xml:17:13-43
34            android:exported="true" >
34-->src/main/AndroidManifest.xml:18:13-36
35            <intent-filter>
35-->src/main/AndroidManifest.xml:19:13-22:29
36                <action android:name="android.intent.action.MAIN" />
36-->src/main/AndroidManifest.xml:20:17-69
36-->src/main/AndroidManifest.xml:20:25-66
37
38                <category android:name="android.intent.category.LAUNCHER" />
38-->src/main/AndroidManifest.xml:21:17-77
38-->src/main/AndroidManifest.xml:21:27-74
39            </intent-filter>
40        </activity>
41        <activity
41-->src/main/AndroidManifest.xml:25:9-27:40
42            android:name="com.example.perfumebar.InstructionsActivity"
42-->src/main/AndroidManifest.xml:26:13-49
43            android:exported="false" />
43-->src/main/AndroidManifest.xml:27:13-37
44        <activity
44-->src/main/AndroidManifest.xml:29:9-31:40
45            android:name="com.example.perfumebar.FavouriteActivity"
45-->src/main/AndroidManifest.xml:30:13-46
46            android:exported="false" />
46-->src/main/AndroidManifest.xml:31:13-37
47        <activity
47-->src/main/AndroidManifest.xml:33:9-35:40
48            android:name="com.example.perfumebar.CheckOutActivity"
48-->src/main/AndroidManifest.xml:34:13-45
49            android:exported="false" />
49-->src/main/AndroidManifest.xml:35:13-37
50        <activity
50-->src/main/AndroidManifest.xml:37:9-39:40
51            android:name="com.example.perfumebar.CartActivity"
51-->src/main/AndroidManifest.xml:38:13-41
52            android:exported="false" />
52-->src/main/AndroidManifest.xml:39:13-37
53        <activity
53-->src/main/AndroidManifest.xml:41:9-43:40
54            android:name="com.example.perfumebar.ResultActivity"
54-->src/main/AndroidManifest.xml:42:13-43
55            android:exported="false" />
55-->src/main/AndroidManifest.xml:43:13-37
56        <activity
56-->src/main/AndroidManifest.xml:45:9-47:40
57            android:name="com.example.perfumebar.ProfileActivity"
57-->src/main/AndroidManifest.xml:46:13-44
58            android:exported="false" />
58-->src/main/AndroidManifest.xml:47:13-37
59        <activity
59-->src/main/AndroidManifest.xml:49:9-51:40
60            android:name="com.example.perfumebar.HomeActivity"
60-->src/main/AndroidManifest.xml:50:13-41
61            android:exported="false" />
61-->src/main/AndroidManifest.xml:51:13-37
62        <activity
62-->src/main/AndroidManifest.xml:53:9-55:40
63            android:name="com.example.perfumebar.LoginActivity"
63-->src/main/AndroidManifest.xml:54:13-42
64            android:exported="false" />
64-->src/main/AndroidManifest.xml:55:13-37
65
66        <!-- MainActivity stays fully enabled for navigation, just not a launcher -->
67        <activity
67-->src/main/AndroidManifest.xml:58:9-60:40
68            android:name="com.example.perfumebar.MainActivity"
68-->src/main/AndroidManifest.xml:59:13-41
69            android:exported="false" />
69-->src/main/AndroidManifest.xml:60:13-37
70
71        <meta-data
71-->src/main/AndroidManifest.xml:62:9-64:57
72            android:name="preloaded_fonts"
72-->src/main/AndroidManifest.xml:63:13-43
73            android:resource="@array/preloaded_fonts" />
73-->src/main/AndroidManifest.xml:64:13-54
74
75        <provider
75-->[androidx.emoji2:emoji2:1.2.0] AndroidManifest.xml:24:9-32:20
76            android:name="androidx.startup.InitializationProvider"
76-->[androidx.emoji2:emoji2:1.2.0] AndroidManifest.xml:25:13-67
77            android:authorities="com.example.perfumebar.androidx-startup"
77-->[androidx.emoji2:emoji2:1.2.0] AndroidManifest.xml:26:13-68
78            android:exported="false" >
78-->[androidx.emoji2:emoji2:1.2.0] AndroidManifest.xml:27:13-37
79            <meta-data
79-->[androidx.emoji2:emoji2:1.2.0] AndroidManifest.xml:29:13-31:52
80                android:name="androidx.emoji2.text.EmojiCompatInitializer"
80-->[androidx.emoji2:emoji2:1.2.0] AndroidManifest.xml:30:17-75
81                android:value="androidx.startup" />
81-->[androidx.emoji2:emoji2:1.2.0] AndroidManifest.xml:31:17-49
82            <meta-data
82-->[androidx.lifecycle:lifecycle-process:2.6.1] AndroidManifest.xml:29:13-31:52
83                android:name="androidx.lifecycle.ProcessLifecycleInitializer"
83-->[androidx.lifecycle:lifecycle-process:2.6.1] AndroidManifest.xml:30:17-78
84                android:value="androidx.startup" />
84-->[androidx.lifecycle:lifecycle-process:2.6.1] AndroidManifest.xml:31:17-49
85            <meta-data
85-->[androidx.profileinstaller:profileinstaller:1.3.0] AndroidManifest.xml:29:13-31:52
86                android:name="androidx.profileinstaller.ProfileInstallerInitializer"
86-->[androidx.profileinstaller:profileinstaller:1.3.0] AndroidManifest.xml:30:17-85
87                android:value="androidx.startup" />
87-->[androidx.profileinstaller:profileinstaller:1.3.0] AndroidManifest.xml:31:17-49
88        </provider>
89
90        <receiver
90-->[androidx.profileinstaller:profileinstaller:1.3.0] AndroidManifest.xml:34:9-52:20
91            android:name="androidx.profileinstaller.ProfileInstallReceiver"
91-->[androidx.profileinstaller:profileinstaller:1.3.0] AndroidManifest.xml:35:13-76
92            android:directBootAware="false"
92-->[androidx.profileinstaller:profileinstaller:1.3.0] AndroidManifest.xml:36:13-44
93            android:enabled="true"
93-->[androidx.profileinstaller:profileinstaller:1.3.0] AndroidManifest.xml:37:13-35
94            android:exported="true"
94-->[androidx.profileinstaller:profileinstaller:1.3.0] AndroidManifest.xml:38:13-36
95            android:permission="android.permission.DUMP" >
95-->[androidx.profileinstaller:profileinstaller:1.3.0] AndroidManifest.xml:39:13-57
96            <intent-filter>
96-->[androidx.profileinstaller:profileinstaller:1.3.0] AndroidManifest.xml:40:13-42:29
97                <action android:name="androidx.profileinstaller.action.INSTALL_PROFILE" />
97-->[androidx.profileinstaller:profileinstaller:1.3.0] AndroidManifest.xml:41:17-91
97-->[androidx.profileinstaller:profileinstaller:1.3.0] AndroidManifest.xml:41:25-88
98            </intent-filter>
99            <intent-filter>
99-->[androidx.profileinstaller:profileinstaller:1.3.0] AndroidManifest.xml:43:13-45:29
100                <action android:name="androidx.profileinstaller.action.SKIP_FILE" />
100-->[androidx.profileinstaller:profileinstaller:1.3.0] AndroidManifest.xml:44:17-85
100-->[androidx.profileinstaller:profileinstaller:1.3.0] AndroidManifest.xml:44:25-82
101            </intent-filter>
102            <intent-filter>
102-->[androidx.profileinstaller:profileinstaller:1.3.0] AndroidManifest.xml:46:13-48:29
103                <action android:name="androidx.profileinstaller.action.SAVE_PROFILE" />
103-->[androidx.profileinstaller:profileinstaller:1.3.0] AndroidManifest.xml:47:17-88
103-->[androidx.profileinstaller:profileinstaller:1.3.0] AndroidManifest.xml:47:25-85
104            </intent-filter>
105            <intent-filter>
105-->[androidx.profileinstaller:profileinstaller:1.3.0] AndroidManifest.xml:49:13-51:29
106                <action android:name="androidx.profileinstaller.action.BENCHMARK_OPERATION" />
106-->[androidx.profileinstaller:profileinstaller:1.3.0] AndroidManifest.xml:50:17-95
106-->[androidx.profileinstaller:profileinstaller:1.3.0] AndroidManifest.xml:50:25-92
107            </intent-filter>
108        </receiver>
109    </application>
110
111</manifest>